  Building Custom Rule C:/fixupdx12/DirectXTex/CMakeLists.txt
  DirectXTexWIC.cpp
  BC.cpp
  BC4BC5.cpp
  BC6HBC7.cpp
  BCDirectCompute.cpp
  DirectXTexCompress.cpp
  DirectXTexCompressGPU.cpp
  DirectXTexConvert.cpp
  DirectXTexD3D11.cpp
  DirectXTexD3D12.cpp
  DirectXTexDDS.cpp
  DirectXTexHDR.cpp
  DirectXTexFlipRotate.cpp
  DirectXTexImage.cpp
  DirectXTexMipmaps.cpp
  DirectXTexMisc.cpp
  DirectXTexNormalMaps.cpp
  DirectXTexPMAlpha.cpp
  DirectXTexResize.cpp
  DirectXTexTGA.cpp
  DirectXTexUtil.cpp
  DirectXTex.vcxproj -> C:\fixupdx12\build\lib\Debug\DirectXTex.lib
